<?xml version="1.0" encoding="UTF-8"?>
<testsuite name="com.springboot.tutorial.dto.HelloResponseDtoTest" tests="1" skipped="0" failures="0" errors="0" timestamp="2022-04-22T04:59:13" hostname="yunseog-won-ui-MacBookPro.local" time="0.056">
  <properties/>
  <testcase name="lombok_func_test()" classname="com.springboot.tutorial.dto.HelloResponseDtoTest" time="0.056"/>
  <system-out><![CDATA[]]></system-out>
  <system-err><![CDATA[]]></system-err>
</testsuite>
