<?xml version="1.0" encoding="UTF-8"?>
<testsuite name="com.springboot.tutorial.domain.posts.PostsRepositoryTest" tests="1" skipped="0" failures="0" errors="0" timestamp="2022-05-02T06:59:20" hostname="yunseog-won-ui-MacBookPro.local" time="0.639">
  <properties/>
  <testcase name="BaseTimeEntity_register()" classname="com.springboot.tutorial.domain.posts.PostsRepositoryTest" time="0.639"/>
  <system-out><![CDATA[15:59:13.980 [Test worker] DEBUG org.springframework.test.context.BootstrapUtils - Instantiating CacheAwareContextLoaderDelegate from class [org.springframework.test.context.cache.DefaultCacheAwareContextLoaderDelegate]
15:59:13.993 [Test worker] DEBUG org.springframework.test.context.BootstrapUtils - Instantiating BootstrapContext using constructor [public org.springframework.test.context.support.DefaultBootstrapContext(java.lang.Class,org.springframework.test.context.CacheAwareContextLoaderDelegate)]
15:59:14.044 [Test worker] DEBUG org.springframework.test.context.BootstrapUtils - Instantiating TestContextBootstrapper for test class [com.springboot.tutorial.domain.posts.PostsRepositoryTest] from class [org.springframework.boot.test.context.SpringBootTestContextBootstrapper]
15:59:14.055 [Test worker] INFO org.springframework.boot.test.context.SpringBootTestContextBootstrapper - Neither @ContextConfiguration nor @ContextHierarchy found for test class [com.springboot.tutorial.domain.posts.PostsRepositoryTest], using SpringBootContextLoader
15:59:14.059 [Test worker] DEBUG org.springframework.test.context.support.AbstractContextLoader - Did not detect default resource location for test class [com.springboot.tutorial.domain.posts.PostsRepositoryTest]: class path resource [com/springboot/tutorial/domain/posts/PostsRepositoryTest-context.xml] does not exist
15:59:14.062 [Test worker] DEBUG org.springframework.test.context.support.AbstractContextLoader - Did not detect default resource location for test class [com.springboot.tutorial.domain.posts.PostsRepositoryTest]: class path resource [com/springboot/tutorial/domain/posts/PostsRepositoryTestContext.groovy] does not exist
15:59:14.063 [Test worker] INFO org.springframework.test.context.support.AbstractContextLoader - Could not detect default resource locations for test class [com.springboot.tutorial.domain.posts.PostsRepositoryTest]: no resource found for suffixes {-context.xml, Context.groovy}.
15:59:14.064 [Test worker] INFO org.springframework.test.context.support.AnnotationConfigContextLoaderUtils - Could not detect default configuration classes for test class [com.springboot.tutorial.domain.posts.PostsRepositoryTest]: PostsRepositoryTest does not declare any static, non-private, non-final, nested classes annotated with @Configuration.
15:59:14.123 [Test worker] DEBUG org.springframework.test.context.support.ActiveProfilesUtils - Could not find an 'annotation declaring class' for annotation type [org.springframework.test.context.ActiveProfiles] and class [com.springboot.tutorial.domain.posts.PostsRepositoryTest]
15:59:14.205 [Test worker] DEBUG org.springframework.context.annotation.ClassPathScanningCandidateComponentProvider - Identified candidate component class: file [/Users/seokwonyoon/Desktop/springboot/practice1/build/classes/java/main/com/springboot/tutorial/Application.class]
15:59:14.211 [Test worker] INFO org.springframework.boot.test.context.SpringBootTestContextBootstrapper - Found @SpringBootConfiguration com.springboot.tutorial.Application for test class com.springboot.tutorial.domain.posts.PostsRepositoryTest
15:59:14.335 [Test worker] DEBUG org.springframework.boot.test.context.SpringBootTestContextBootstrapper - @TestExecutionListeners is not present for class [com.springboot.tutorial.domain.posts.PostsRepositoryTest]: using defaults.
15:59:14.336 [Test worker] INFO org.springframework.boot.test.context.SpringBootTestContextBootstrapper - Loaded default TestExecutionListener class names from location [META-INF/spring.factories]: [org.springframework.boot.test.autoconfigure.restdocs.RestDocsTestExecutionListener, org.springframework.boot.test.autoconfigure.web.client.MockRestServiceServerResetTestExecutionListener, org.springframework.boot.test.autoconfigure.web.servlet.MockMvcPrintOnlyOnFailureTestExecutionListener, org.springframework.boot.test.autoconfigure.web.servlet.WebDriverTestExecutionListener, org.springframework.boot.test.autoconfigure.webservices.client.MockWebServiceServerTestExecutionListener, org.springframework.boot.test.mock.mockito.MockitoTestExecutionListener, org.springframework.boot.test.mock.mockito.ResetMocksTestExecutionListener, org.springframework.test.context.web.ServletTestExecutionListener, org.springframework.test.context.support.DirtiesContextBeforeModesTestExecutionListener, org.springframework.test.context.support.DependencyInjectionTestExecutionListener, org.springframework.test.context.support.DirtiesContextTestExecutionListener, org.springframework.test.context.transaction.TransactionalTestExecutionListener, org.springframework.test.context.jdbc.SqlScriptsTestExecutionListener, org.springframework.test.context.event.EventPublishingTestExecutionListener]
15:59:14.349 [Test worker] INFO org.springframework.boot.test.context.SpringBootTestContextBootstrapper - Using TestExecutionListeners: [org.springframework.test.context.web.ServletTestExecutionListener@50fe837a, org.springframework.test.context.support.DirtiesContextBeforeModesTestExecutionListener@3a62c01e, org.springframework.boot.test.mock.mockito.MockitoTestExecutionListener@7a8fa663, org.springframework.boot.test.autoconfigure.SpringBootDependencyInjectionTestExecutionListener@5ce33a58, org.springframework.test.context.support.DirtiesContextTestExecutionListener@78a287ed, org.springframework.test.context.transaction.TransactionalTestExecutionListener@546ccad7, org.springframework.test.context.jdbc.SqlScriptsTestExecutionListener@5357c287, org.springframework.test.context.event.EventPublishingTestExecutionListener@1623134f, org.springframework.boot.test.autoconfigure.restdocs.RestDocsTestExecutionListener@7a527389, org.springframework.boot.test.autoconfigure.web.client.MockRestServiceServerResetTestExecutionListener@485a3466, org.springframework.boot.test.autoconfigure.web.servlet.MockMvcPrintOnlyOnFailureTestExecutionListener@25748410, org.springframework.boot.test.autoconfigure.web.servlet.WebDriverTestExecutionListener@2b43529a, org.springframework.boot.test.autoconfigure.webservices.client.MockWebServiceServerTestExecutionListener@4264b240, org.springframework.boot.test.mock.mockito.ResetMocksTestExecutionListener@5b04476e]
15:59:14.352 [Test worker] DEBUG org.springframework.test.context.support.AbstractDirtiesContextTestExecutionListener - Before test class: context [DefaultTestContext@56ace400 testClass = PostsRepositoryTest, testInstance = [null], testMethod = [null], testException = [null], mergedContextConfiguration = [WebMergedContextConfiguration@47404bea testClass = PostsRepositoryTest, locations = '{}', classes = '{class com.springboot.tutorial.Application}', contextInitializerClasses = '[]', activeProfiles = '{}', propertySourceLocations = '{}', propertySourceProperties = '{org.springframework.boot.test.context.SpringBootTestContextBootstrapper=true}', contextCustomizers = set[org.springframework.boot.test.autoconfigure.actuate.metrics.MetricsExportContextCustomizerFactory$DisableMetricExportContextCustomizer@51fadaff, org.springframework.boot.test.autoconfigure.properties.PropertyMappingContextCustomizer@0, org.springframework.boot.test.autoconfigure.web.servlet.WebDriverContextCustomizerFactory$Customizer@2f67b837, org.springframework.boot.test.context.filter.ExcludeFilterContextCustomizer@291a7e3c, org.springframework.boot.test.json.DuplicateJsonObjectContextCustomizerFactory$DuplicateJsonObjectContextCustomizer@3b7d3a38, org.springframework.boot.test.mock.mockito.MockitoContextCustomizer@0, org.springframework.boot.test.web.client.TestRestTemplateContextCustomizer@c9d0d6, org.springframework.boot.test.context.SpringBootTestArgs@1, org.springframework.boot.test.context.SpringBootTestWebEnvironment@2638011], resourceBasePath = 'src/main/webapp', contextLoader = 'org.springframework.boot.test.context.SpringBootContextLoader', parent = [null]], attributes = map['org.springframework.test.context.web.ServletTestExecutionListener.activateListener' -> true]], class annotated with @DirtiesContext [false] with mode [null].
15:59:14.398 [Test worker] DEBUG org.springframework.test.context.support.TestPropertySourceUtils - Adding inlined properties to environment: {spring.jmx.enabled=false, org.springframework.boot.test.context.SpringBootTestContextBootstrapper=true}

  .   ____          _            __ _ _
 /\\ / ___'_ __ _ _(_)_ __  __ _ \ \ \ \
( ( )\___ | '_ | '_| | '_ \/ _` | \ \ \ \
 \\/  ___)| |_)| | | | | || (_| |  ) ) ) )
  '  |____| .__|_| |_|_| |_\__, | / / / /
 =========|_|==============|___/=/_/_/_/
 :: Spring Boot ::                (v2.4.1)

2022-05-02 15:59:14.746  INFO 40359 --- [    Test worker] c.s.t.domain.posts.PostsRepositoryTest   : Starting PostsRepositoryTest using Java 15.0.2 on yunseog-won-ui-MacBookPro.local with PID 40359 (started by seokwonyoon in /Users/seokwonyoon/Desktop/springboot/practice1)
2022-05-02 15:59:14.757  INFO 40359 --- [    Test worker] c.s.t.domain.posts.PostsRepositoryTest   : No active profile set, falling back to default profiles: default
2022-05-02 15:59:15.825  INFO 40359 --- [    Test worker] .s.d.r.c.RepositoryConfigurationDelegate : Bootstrapping Spring Data JPA repositories in DEFAULT mode.
2022-05-02 15:59:15.901  INFO 40359 --- [    Test worker] .s.d.r.c.RepositoryConfigurationDelegate : Finished Spring Data repository scanning in 65 ms. Found 1 JPA repository interfaces.
2022-05-02 15:59:16.807  INFO 40359 --- [    Test worker] com.zaxxer.hikari.HikariDataSource       : HikariPool-1 - Starting...
2022-05-02 15:59:16.968  INFO 40359 --- [    Test worker] com.zaxxer.hikari.HikariDataSource       : HikariPool-1 - Start completed.
2022-05-02 15:59:17.117  INFO 40359 --- [    Test worker] o.hibernate.jpa.internal.util.LogHelper  : HHH000204: Processing PersistenceUnitInfo [name: default]
2022-05-02 15:59:17.172  INFO 40359 --- [    Test worker] org.hibernate.Version                    : HHH000412: Hibernate ORM core version 5.4.25.Final
2022-05-02 15:59:17.356  INFO 40359 --- [    Test worker] o.hibernate.annotations.common.Version   : HCANN000001: Hibernate Commons Annotations {5.1.2.Final}
2022-05-02 15:59:17.456  INFO 40359 --- [    Test worker] org.hibernate.dialect.Dialect            : HHH000400: Using dialect: org.hibernate.dialect.MySQL57Dialect
Hibernate: drop table if exists posts
Hibernate: create table posts (id bigint not null auto_increment, created_date datetime(6), modified_date datetime(6), author varchar(255), content TEXT not null, title varchar(500) not null, primary key (id)) engine=InnoDB
2022-05-02 15:59:18.022  INFO 40359 --- [    Test worker] o.h.e.t.j.p.i.JtaPlatformInitiator       : HHH000490: Using JtaPlatform implementation: [org.hibernate.engine.transaction.jta.platform.internal.NoJtaPlatform]
2022-05-02 15:59:18.029  INFO 40359 --- [    Test worker] j.LocalContainerEntityManagerFactoryBean : Initialized JPA EntityManagerFactory for persistence unit 'default'
2022-05-02 15:59:18.842  WARN 40359 --- [    Test worker] JpaBaseConfiguration$JpaWebConfiguration : spring.jpa.open-in-view is enabled by default. Therefore, database queries may be performed during view rendering. Explicitly configure spring.jpa.open-in-view to disable this warning
2022-05-02 15:59:19.374  INFO 40359 --- [    Test worker] o.s.s.concurrent.ThreadPoolTaskExecutor  : Initializing ExecutorService 'applicationTaskExecutor'
2022-05-02 15:59:19.525  INFO 40359 --- [    Test worker] o.s.b.a.h2.H2ConsoleAutoConfiguration    : H2 console available at '/h2-console'. Database available at 'jdbc:h2:mem://localhost/~/testdb'
2022-05-02 15:59:20.031  INFO 40359 --- [    Test worker] c.s.t.domain.posts.PostsRepositoryTest   : Started PostsRepositoryTest in 5.625 seconds (JVM running for 7.158)
Hibernate: insert into posts (created_date, modified_date, author, content, title) values (?, ?, ?, ?, ?)
Hibernate: select posts0_.id as id1_0_, posts0_.created_date as created_2_0_, posts0_.modified_date as modified3_0_, posts0_.author as author4_0_, posts0_.content as content5_0_, posts0_.title as title6_0_ from posts posts0_
>>>>>>>>>>>>> createDate = 2022-05-02T15:59:20.304770, modifiedDate = 2022-05-02T15:59:20.304770
]]></system-out>
  <system-err><![CDATA[]]></system-err>
</testsuite>
