<?xml version="1.0" encoding="UTF-8"?>
<testsuite name="com.springboot.tutorial.domain.posts.PostsRepositoryTest" tests="1" skipped="0" failures="0" errors="0" timestamp="2022-04-26T01:19:40" hostname="yunseog-won-ui-MacBookPro.local" time="0.462">
  <properties/>
  <testcase name="savePosts_load()" classname="com.springboot.tutorial.domain.posts.PostsRepositoryTest" time="0.462"/>
  <system-out><![CDATA[10:19:34.569 [Test worker] DEBUG org.springframework.test.context.BootstrapUtils - Instantiating CacheAwareContextLoaderDelegate from class [org.springframework.test.context.cache.DefaultCacheAwareContextLoaderDelegate]
10:19:34.584 [Test worker] DEBUG org.springframework.test.context.BootstrapUtils - Instantiating BootstrapContext using constructor [public org.springframework.test.context.support.DefaultBootstrapContext(java.lang.Class,org.springframework.test.context.CacheAwareContextLoaderDelegate)]
10:19:34.643 [Test worker] DEBUG org.springframework.test.context.BootstrapUtils - Instantiating TestContextBootstrapper for test class [com.springboot.tutorial.domain.posts.PostsRepositoryTest] from class [org.springframework.boot.test.context.SpringBootTestContextBootstrapper]
10:19:34.655 [Test worker] INFO org.springframework.boot.test.context.SpringBootTestContextBootstrapper - Neither @ContextConfiguration nor @ContextHierarchy found for test class [com.springboot.tutorial.domain.posts.PostsRepositoryTest], using SpringBootContextLoader
10:19:34.659 [Test worker] DEBUG org.springframework.test.context.support.AbstractContextLoader - Did not detect default resource location for test class [com.springboot.tutorial.domain.posts.PostsRepositoryTest]: class path resource [com/springboot/tutorial/domain/posts/PostsRepositoryTest-context.xml] does not exist
10:19:34.660 [Test worker] DEBUG org.springframework.test.context.support.AbstractContextLoader - Did not detect default resource location for test class [com.springboot.tutorial.domain.posts.PostsRepositoryTest]: class path resource [com/springboot/tutorial/domain/posts/PostsRepositoryTestContext.groovy] does not exist
10:19:34.661 [Test worker] INFO org.springframework.test.context.support.AbstractContextLoader - Could not detect default resource locations for test class [com.springboot.tutorial.domain.posts.PostsRepositoryTest]: no resource found for suffixes {-context.xml, Context.groovy}.
10:19:34.661 [Test worker] INFO org.springframework.test.context.support.AnnotationConfigContextLoaderUtils - Could not detect default configuration classes for test class [com.springboot.tutorial.domain.posts.PostsRepositoryTest]: PostsRepositoryTest does not declare any static, non-private, non-final, nested classes annotated with @Configuration.
10:19:34.719 [Test worker] DEBUG org.springframework.test.context.support.ActiveProfilesUtils - Could not find an 'annotation declaring class' for annotation type [org.springframework.test.context.ActiveProfiles] and class [com.springboot.tutorial.domain.posts.PostsRepositoryTest]
10:19:34.813 [Test worker] DEBUG org.springframework.context.annotation.ClassPathScanningCandidateComponentProvider - Identified candidate component class: file [/Users/seokwonyoon/Desktop/springboot/practice1/build/classes/java/main/com/springboot/tutorial/Application.class]
10:19:34.815 [Test worker] INFO org.springframework.boot.test.context.SpringBootTestContextBootstrapper - Found @SpringBootConfiguration com.springboot.tutorial.Application for test class com.springboot.tutorial.domain.posts.PostsRepositoryTest
10:19:34.900 [Test worker] DEBUG org.springframework.boot.test.context.SpringBootTestContextBootstrapper - @TestExecutionListeners is not present for class [com.springboot.tutorial.domain.posts.PostsRepositoryTest]: using defaults.
10:19:34.901 [Test worker] INFO org.springframework.boot.test.context.SpringBootTestContextBootstrapper - Loaded default TestExecutionListener class names from location [META-INF/spring.factories]: [org.springframework.boot.test.autoconfigure.restdocs.RestDocsTestExecutionListener, org.springframework.boot.test.autoconfigure.web.client.MockRestServiceServerResetTestExecutionListener, org.springframework.boot.test.autoconfigure.web.servlet.MockMvcPrintOnlyOnFailureTestExecutionListener, org.springframework.boot.test.autoconfigure.web.servlet.WebDriverTestExecutionListener, org.springframework.boot.test.autoconfigure.webservices.client.MockWebServiceServerTestExecutionListener, org.springframework.boot.test.mock.mockito.MockitoTestExecutionListener, org.springframework.boot.test.mock.mockito.ResetMocksTestExecutionListener, org.springframework.test.context.web.ServletTestExecutionListener, org.springframework.test.context.support.DirtiesContextBeforeModesTestExecutionListener, org.springframework.test.context.support.DependencyInjectionTestExecutionListener, org.springframework.test.context.support.DirtiesContextTestExecutionListener, org.springframework.test.context.transaction.TransactionalTestExecutionListener, org.springframework.test.context.jdbc.SqlScriptsTestExecutionListener, org.springframework.test.context.event.EventPublishingTestExecutionListener]
10:19:34.938 [Test worker] INFO org.springframework.boot.test.context.SpringBootTestContextBootstrapper - Using TestExecutionListeners: [org.springframework.test.context.web.ServletTestExecutionListener@619bfe29, org.springframework.test.context.support.DirtiesContextBeforeModesTestExecutionListener@5b057c8c, org.springframework.boot.test.mock.mockito.MockitoTestExecutionListener@1eb6749b, org.springframework.boot.test.autoconfigure.SpringBootDependencyInjectionTestExecutionListener@652a7737, org.springframework.test.context.support.DirtiesContextTestExecutionListener@5b7ea70d, org.springframework.test.context.transaction.TransactionalTestExecutionListener@2bef51f2, org.springframework.test.context.jdbc.SqlScriptsTestExecutionListener@650eab8, org.springframework.test.context.event.EventPublishingTestExecutionListener@30f5a68a, org.springframework.boot.test.autoconfigure.restdocs.RestDocsTestExecutionListener@1e1d3956, org.springframework.boot.test.autoconfigure.web.client.MockRestServiceServerResetTestExecutionListener@4f2c9ba6, org.springframework.boot.test.autoconfigure.web.servlet.MockMvcPrintOnlyOnFailureTestExecutionListener@4e28bdd1, org.springframework.boot.test.autoconfigure.web.servlet.WebDriverTestExecutionListener@53f48368, org.springframework.boot.test.autoconfigure.webservices.client.MockWebServiceServerTestExecutionListener@24d4d7c9, org.springframework.boot.test.mock.mockito.ResetMocksTestExecutionListener@f0e995e]
10:19:34.945 [Test worker] DEBUG org.springframework.test.context.support.AbstractDirtiesContextTestExecutionListener - Before test class: context [DefaultTestContext@75e01201 testClass = PostsRepositoryTest, testInstance = [null], testMethod = [null], testException = [null], mergedContextConfiguration = [WebMergedContextConfiguration@2783717b testClass = PostsRepositoryTest, locations = '{}', classes = '{class com.springboot.tutorial.Application}', contextInitializerClasses = '[]', activeProfiles = '{}', propertySourceLocations = '{}', propertySourceProperties = '{org.springframework.boot.test.context.SpringBootTestContextBootstrapper=true}', contextCustomizers = set[org.springframework.boot.test.autoconfigure.actuate.metrics.MetricsExportContextCustomizerFactory$DisableMetricExportContextCustomizer@73d983ea, org.springframework.boot.test.autoconfigure.properties.PropertyMappingContextCustomizer@0, org.springframework.boot.test.autoconfigure.web.servlet.WebDriverContextCustomizerFactory$Customizer@c7ba306, org.springframework.boot.test.context.filter.ExcludeFilterContextCustomizer@6c4980d3, org.springframework.boot.test.json.DuplicateJsonObjectContextCustomizerFactory$DuplicateJsonObjectContextCustomizer@74bf1791, org.springframework.boot.test.mock.mockito.MockitoContextCustomizer@0, org.springframework.boot.test.web.client.TestRestTemplateContextCustomizer@62010f5c, org.springframework.boot.test.context.SpringBootTestArgs@1, org.springframework.boot.test.context.SpringBootTestWebEnvironment@68267da0], resourceBasePath = 'src/main/webapp', contextLoader = 'org.springframework.boot.test.context.SpringBootContextLoader', parent = [null]], attributes = map['org.springframework.test.context.web.ServletTestExecutionListener.activateListener' -> true]], class annotated with @DirtiesContext [false] with mode [null].
10:19:34.997 [Test worker] DEBUG org.springframework.test.context.support.TestPropertySourceUtils - Adding inlined properties to environment: {spring.jmx.enabled=false, org.springframework.boot.test.context.SpringBootTestContextBootstrapper=true}

  .   ____          _            __ _ _
 /\\ / ___'_ __ _ _(_)_ __  __ _ \ \ \ \
( ( )\___ | '_ | '_| | '_ \/ _` | \ \ \ \
 \\/  ___)| |_)| | | | | || (_| |  ) ) ) )
  '  |____| .__|_| |_|_| |_\__, | / / / /
 =========|_|==============|___/=/_/_/_/
 :: Spring Boot ::                (v2.4.1)

2022-04-26 10:19:35.326  INFO 9079 --- [    Test worker] c.s.t.domain.posts.PostsRepositoryTest   : Starting PostsRepositoryTest using Java 15.0.2 on yunseog-won-ui-MacBookPro.local with PID 9079 (started by seokwonyoon in /Users/seokwonyoon/Desktop/springboot/practice1)
2022-04-26 10:19:35.340  INFO 9079 --- [    Test worker] c.s.t.domain.posts.PostsRepositoryTest   : No active profile set, falling back to default profiles: default
2022-04-26 10:19:36.308  INFO 9079 --- [    Test worker] .s.d.r.c.RepositoryConfigurationDelegate : Bootstrapping Spring Data JPA repositories in DEFAULT mode.
2022-04-26 10:19:36.379  INFO 9079 --- [    Test worker] .s.d.r.c.RepositoryConfigurationDelegate : Finished Spring Data repository scanning in 64 ms. Found 1 JPA repository interfaces.
2022-04-26 10:19:37.241  INFO 9079 --- [    Test worker] com.zaxxer.hikari.HikariDataSource       : HikariPool-1 - Starting...
2022-04-26 10:19:37.384  INFO 9079 --- [    Test worker] com.zaxxer.hikari.HikariDataSource       : HikariPool-1 - Start completed.
2022-04-26 10:19:37.506  INFO 9079 --- [    Test worker] o.hibernate.jpa.internal.util.LogHelper  : HHH000204: Processing PersistenceUnitInfo [name: default]
2022-04-26 10:19:37.548  INFO 9079 --- [    Test worker] org.hibernate.Version                    : HHH000412: Hibernate ORM core version 5.4.25.Final
2022-04-26 10:19:37.716  INFO 9079 --- [    Test worker] o.hibernate.annotations.common.Version   : HCANN000001: Hibernate Commons Annotations {5.1.2.Final}
2022-04-26 10:19:37.818  INFO 9079 --- [    Test worker] org.hibernate.dialect.Dialect            : HHH000400: Using dialect: org.hibernate.dialect.MySQL57Dialect
Hibernate: drop table if exists posts
Hibernate: create table posts (id bigint not null auto_increment, author varchar(255), content TEXT not null, title varchar(500) not null, primary key (id)) engine=InnoDB
2022-04-26 10:19:38.266  INFO 9079 --- [    Test worker] o.h.e.t.j.p.i.JtaPlatformInitiator       : HHH000490: Using JtaPlatform implementation: [org.hibernate.engine.transaction.jta.platform.internal.NoJtaPlatform]
2022-04-26 10:19:38.272  INFO 9079 --- [    Test worker] j.LocalContainerEntityManagerFactoryBean : Initialized JPA EntityManagerFactory for persistence unit 'default'
2022-04-26 10:19:38.711  WARN 9079 --- [    Test worker] JpaBaseConfiguration$JpaWebConfiguration : spring.jpa.open-in-view is enabled by default. Therefore, database queries may be performed during view rendering. Explicitly configure spring.jpa.open-in-view to disable this warning
2022-04-26 10:19:39.035  INFO 9079 --- [    Test worker] o.s.s.concurrent.ThreadPoolTaskExecutor  : Initializing ExecutorService 'applicationTaskExecutor'
2022-04-26 10:19:40.203  INFO 9079 --- [    Test worker] c.s.t.domain.posts.PostsRepositoryTest   : Started PostsRepositoryTest in 5.198 seconds (JVM running for 6.761)
Hibernate: insert into posts (author, content, title) values (?, ?, ?)
Hibernate: select posts0_.id as id1_0_, posts0_.author as author2_0_, posts0_.content as content3_0_, posts0_.title as title4_0_ from posts posts0_
]]></system-out>
  <system-err><![CDATA[]]></system-err>
</testsuite>
